# JRE version: Java(TM) SE Runtime Environment (8.0_101-b13) (build 1.8.0_101-b13)
# Java VM: Java HotSpot(TM) 64-Bit Server VM (25.101-b13 mixed mode windows-amd64 compressed oops)
Heap:
 PSYoungGen      total 318464K, used 117046K [0x00000000d5d80000, 0x00000000eb280000, 0x0000000100000000)
  eden space 296960K, 39% used [0x00000000d5d80000,0x00000000dcfcdb68,0x00000000e7f80000)
  from space 21504K, 0% used [0x00000000e9d80000,0x00000000e9d80000,0x00000000eb280000)
  to   space 24576K, 0% used [0x00000000e8280000,0x00000000e8280000,0x00000000e9a80000)
 ParOldGen       total 153088K, used 42552K [0x0000000081800000, 0x000000008ad80000, 0x00000000d5d80000)
  object space 153088K, 27% used [0x0000000081800000,0x000000008418e280,0x000000008ad80000)
 Metaspace       used 59655K, capacity 60616K, committed 61056K, reserved 1103872K
  class space    used 7317K, capacity 7525K, committed 7552K, reserved 1048576K
GC Heap History (10 events):
Event: 5.632 GC heap before
{Heap before GC invocations=13 (full 2):
 PSYoungGen      total 218112K, used 203776K [0x00000000d5d80000, 0x00000000e4280000, 0x0000000100000000)
  eden space 203776K, 100% used [0x00000000d5d80000,0x00000000e2480000,0x00000000e2480000)
  from space 14336K, 0% used [0x00000000e3480000,0x00000000e3480000,0x00000000e4280000)
  to   space 15360K, 0% used [0x00000000e2480000,0x00000000e2480000,0x00000000e3380000)
 ParOldGen       total 103936K, used 24434K [0x0000000081800000, 0x0000000087d80000, 0x00000000d5d80000)
  object space 103936K, 23% used [0x0000000081800000,0x0000000082fdcaa8,0x0000000087d80000)
 Metaspace       used 38404K, capacity 38950K, committed 39296K, reserved 1083392K
  class space    used 4775K, capacity 4892K, committed 4992K, reserved 1048576K
Event: 5.644 GC heap after
Heap after GC invocations=13 (full 2):
 PSYoungGen      total 219136K, used 10131K [0x00000000d5d80000, 0x00000000e7280000, 0x0000000100000000)
  eden space 203776K, 0% used [0x00000000d5d80000,0x00000000d5d80000,0x00000000e2480000)
  from space 15360K, 65% used [0x00000000e2480000,0x00000000e2e64f50,0x00000000e3380000)
  to   space 15360K, 0% used [0x00000000e6380000,0x00000000e6380000,0x00000000e7280000)
 ParOldGen       total 103936K, used 24442K [0x0000000081800000, 0x0000000087d80000, 0x00000000d5d80000)
  object space 103936K, 23% used [0x0000000081800000,0x0000000082fdeaa8,0x0000000087d80000)
 Metaspace       used 38404K, capacity 38950K, committed 39296K, reserved 1083392K
  class space    used 4775K, capacity 4892K, committed 4992K, reserved 1048576K
}
Event: 6.850 GC heap before
{Heap before GC invocations=14 (full 2):
 PSYoungGen      total 219136K, used 213907K [0x00000000d5d80000, 0x00000000e7280000, 0x0000000100000000)
  eden space 203776K, 100% used [0x00000000d5d80000,0x00000000e2480000,0x00000000e2480000)
  from space 15360K, 65% used [0x00000000e2480000,0x00000000e2e64f50,0x00000000e3380000)
  to   space 15360K, 0% used [0x00000000e6380000,0x00000000e6380000,0x00000000e7280000)
 ParOldGen       total 103936K, used 24442K [0x0000000081800000, 0x0000000087d80000, 0x00000000d5d80000)
  object space 103936K, 23% used [0x0000000081800000,0x0000000082fdeaa8,0x0000000087d80000)
 Metaspace       used 41485K, capacity 42130K, committed 42240K, reserved 1085440K
  class space    used 5232K, capacity 5370K, committed 5376K, reserved 1048576K
Event: 6.864 GC heap after
Heap after GC invocations=14 (full 2):
 PSYoungGen      total 266752K, used 15348K [0x00000000d5d80000, 0x00000000e7400000, 0x0000000100000000)
  eden space 251392K, 0% used [0x00000000d5d80000,0x00000000d5d80000,0x00000000e5300000)
  from space 15360K, 99% used [0x00000000e6380000,0x00000000e727d048,0x00000000e7280000)
  to   space 16896K, 0% used [0x00000000e5300000,0x00000000e5300000,0x00000000e6380000)
 ParOldGen       total 103936K, used 24467K [0x0000000081800000, 0x0000000087d80000, 0x00000000d5d80000)
  object space 103936K, 23% used [0x0000000081800000,0x0000000082fe4e70,0x0000000087d80000)
 Metaspace       used 41485K, capacity 42130K, committed 42240K, reserved 1085440K
  class space    used 5232K, capacity 5370K, committed 5376K, reserved 1048576K
}
Event: 8.666 GC heap before
{Heap before GC invocations=15 (full 2):
 PSYoungGen      total 266752K, used 266740K [0x00000000d5d80000, 0x00000000e7400000, 0x0000000100000000)
  eden space 251392K, 100% used [0x00000000d5d80000,0x00000000e5300000,0x00000000e5300000)
  from space 15360K, 99% used [0x00000000e6380000,0x00000000e727d048,0x00000000e7280000)
  to   space 16896K, 0% used [0x00000000e5300000,0x00000000e5300000,0x00000000e6380000)
 ParOldGen       total 103936K, used 24467K [0x0000000081800000, 0x0000000087d80000, 0x00000000d5d80000)
  object space 103936K, 23% used [0x0000000081800000,0x0000000082fe4e70,0x0000000087d80000)
 Metaspace       used 46938K, capacity 47656K, committed 47744K, reserved 1091584K
  class space    used 5845K, capacity 5991K, committed 6016K, reserved 1048576K
Event: 8.681 GC heap after
Heap after GC invocations=15 (full 2):
 PSYoungGen      total 268288K, used 16872K [0x00000000d5d80000, 0x00000000eb280000, 0x0000000100000000)
  eden space 251392K, 0% used [0x00000000d5d80000,0x00000000d5d80000,0x00000000e5300000)
  from space 16896K, 99% used [0x00000000e5300000,0x00000000e637a120,0x00000000e6380000)
  to   space 21504K, 0% used [0x00000000e9d80000,0x00000000e9d80000,0x00000000eb280000)
 ParOldGen       total 103936K, used 31315K [0x0000000081800000, 0x0000000087d80000, 0x00000000d5d80000)
  object space 103936K, 30% used [0x0000000081800000,0x0000000083694f70,0x0000000087d80000)
 Metaspace       used 46938K, capacity 47656K, committed 47744K, reserved 1091584K
  class space    used 5845K, capacity 5991K, committed 6016K, reserved 1048576K
}
Event: 31.594 GC heap before
{Heap before GC invocations=16 (full 2):
 PSYoungGen      total 268288K, used 190587K [0x00000000d5d80000, 0x00000000eb280000, 0x0000000100000000)
  eden space 251392K, 69% used [0x00000000d5d80000,0x00000000e0724c38,0x00000000e5300000)
  from space 16896K, 99% used [0x00000000e5300000,0x00000000e637a120,0x00000000e6380000)
  to   space 21504K, 0% used [0x00000000e9d80000,0x00000000e9d80000,0x00000000eb280000)
 ParOldGen       total 103936K, used 31315K [0x0000000081800000, 0x0000000087d80000, 0x00000000d5d80000)
  object space 103936K, 30% used [0x0000000081800000,0x0000000083694f70,0x0000000087d80000)
 Metaspace       used 58036K, capacity 58862K, committed 59096K, reserved 1101824K
  class space    used 7102K, capacity 7265K, committed 7296K, reserved 1048576K
Event: 31.608 GC heap after
Heap after GC invocations=16 (full 2):
 PSYoungGen      total 318464K, used 21442K [0x00000000d5d80000, 0x00000000eb280000, 0x0000000100000000)
  eden space 296960K, 0% used [0x00000000d5d80000,0x00000000d5d80000,0x00000000e7f80000)
  from space 21504K, 99% used [0x00000000e9d80000,0x00000000eb270a40,0x00000000eb280000)
  to   space 24576K, 0% used [0x00000000e8280000,0x00000000e8280000,0x00000000e9a80000)
 ParOldGen       total 103936K, used 36215K [0x0000000081800000, 0x0000000087d80000, 0x00000000d5d80000)
  object space 103936K, 34% used [0x0000000081800000,0x0000000083b5dca0,0x0000000087d80000)
 Metaspace       used 58036K, capacity 58862K, committed 59096K, reserved 1101824K
  class space    used 7102K, capacity 7265K, committed 7296K, reserved 1048576K
}
Event: 31.608 GC heap before
{Heap before GC invocations=17 (full 3):
 PSYoungGen      total 318464K, used 21442K [0x00000000d5d80000, 0x00000000eb280000, 0x0000000100000000)
  eden space 296960K, 0% used [0x00000000d5d80000,0x00000000d5d80000,0x00000000e7f80000)
  from space 21504K, 99% used [0x00000000e9d80000,0x00000000eb270a40,0x00000000eb280000)
  to   space 24576K, 0% used [0x00000000e8280000,0x00000000e8280000,0x00000000e9a80000)
 ParOldGen       total 103936K, used 36215K [0x0000000081800000, 0x0000000087d80000, 0x00000000d5d80000)
  object space 103936K, 34% used [0x0000000081800000,0x0000000083b5dca0,0x0000000087d80000)
 Metaspace       used 58036K, capacity 58862K, committed 59096K, reserved 1101824K
  class space    used 7102K, capacity 7265K, committed 7296K, reserved 1048576K
Event: 31.765 GC heap after
Heap after GC invocations=17 (full 3):
 PSYoungGen      total 318464K, used 0K [0x00000000d5d80000, 0x00000000eb280000, 0x0000000100000000)
  eden space 296960K, 0% used [0x00000000d5d80000,0x00000000d5d80000,0x00000000e7f80000)
  from space 21504K, 0% used [0x00000000e9d80000,0x00000000e9d80000,0x00000000eb280000)
  to   space 24576K, 0% used [0x00000000e8280000,0x00000000e8280000,0x00000000e9a80000)
 ParOldGen       total 153088K, used 42552K [0x0000000081800000, 0x000000008ad80000, 0x00000000d5d80000)
  object space 153088K, 27% used [0x0000000081800000,0x000000008418e280,0x000000008ad80000)
 Metaspace       used 58034K, capacity 58856K, committed 59096K, reserved 1101824K
  class space    used 7101K, capacity 7264K, committed 7296K, reserved 1048576K
}

